<?xml version="1.0" ?>
<coverage version="7.13.1" timestamp="1767622364865" lines-valid="1455" lines-covered="64" line-rate="0.04399" branches-covered="0" branches-valid="0" branch-rate="0" complexity="0">
	<!-- Generated by coverage.py: https://coverage.readthedocs.io/en/7.13.1 -->
	<!-- Based on https://raw.githubusercontent.com/cobertura/web/master/htdocs/xml/coverage-04.dtd -->
	<sources>
		<source>/home/runner/work/linear-regression-guide/linear-regression-guide</source>
	</sources>
	<packages>
		<package name="." line-rate="0.04399" branch-rate="0" complexity="0">
			<classes>
				<class name="app.py" filename="app.py" complexity="0" line-rate="0" branch-rate="0">
					<methods/>
					<lines>
						<line number="10" hits="0"/>
						<line number="11" hits="0"/>
						<line number="12" hits="0"/>
						<line number="13" hits="0"/>
						<line number="14" hits="0"/>
						<line number="15" hits="0"/>
						<line number="16" hits="0"/>
						<line number="17" hits="0"/>
						<line number="20" hits="0"/>
						<line number="21" hits="0"/>
						<line number="22" hits="0"/>
						<line number="33" hits="0"/>
						<line number="44" hits="0"/>
						<line number="45" hits="0"/>
						<line number="46" hits="0"/>
						<line number="47" hits="0"/>
						<line number="48" hits="0"/>
						<line number="49" hits="0"/>
						<line number="50" hits="0"/>
						<line number="51" hits="0"/>
						<line number="52" hits="0"/>
						<line number="53" hits="0"/>
						<line number="56" hits="0"/>
						<line number="106" hits="0"/>
						<line number="109" hits="0"/>
						<line number="110" hits="0"/>
						<line number="111" hits="0"/>
						<line number="117" hits="0"/>
						<line number="126" hits="0"/>
						<line number="127" hits="0"/>
						<line number="128" hits="0"/>
						<line number="129" hits="0"/>
						<line number="130" hits="0"/>
						<line number="133" hits="0"/>
						<line number="134" hits="0"/>
						<line number="136" hits="0"/>
						<line number="139" hits="0"/>
						<line number="140" hits="0"/>
						<line number="141" hits="0"/>
						<line number="144" hits="0"/>
						<line number="145" hits="0"/>
						<line number="147" hits="0"/>
						<line number="151" hits="0"/>
						<line number="152" hits="0"/>
						<line number="155" hits="0"/>
						<line number="156" hits="0"/>
						<line number="158" hits="0"/>
						<line number="163" hits="0"/>
						<line number="166" hits="0"/>
						<line number="167" hits="0"/>
						<line number="168" hits="0"/>
						<line number="169" hits="0"/>
						<line number="170" hits="0"/>
						<line number="171" hits="0"/>
						<line number="172" hits="0"/>
						<line number="173" hits="0"/>
						<line number="174" hits="0"/>
						<line number="176" hits="0"/>
						<line number="177" hits="0"/>
						<line number="178" hits="0"/>
						<line number="181" hits="0"/>
						<line number="192" hits="0"/>
						<line number="195" hits="0"/>
						<line number="196" hits="0"/>
						<line number="197" hits="0"/>
						<line number="198" hits="0"/>
						<line number="199" hits="0"/>
						<line number="200" hits="0"/>
						<line number="201" hits="0"/>
						<line number="202" hits="0"/>
						<line number="203" hits="0"/>
						<line number="204" hits="0"/>
						<line number="206" hits="0"/>
						<line number="207" hits="0"/>
						<line number="208" hits="0"/>
						<line number="211" hits="0"/>
						<line number="214" hits="0"/>
						<line number="215" hits="0"/>
						<line number="216" hits="0"/>
						<line number="217" hits="0"/>
						<line number="219" hits="0"/>
						<line number="220" hits="0"/>
						<line number="227" hits="0"/>
						<line number="228" hits="0"/>
						<line number="231" hits="0"/>
						<line number="232" hits="0"/>
						<line number="234" hits="0"/>
						<line number="237" hits="0"/>
						<line number="238" hits="0"/>
						<line number="240" hits="0"/>
						<line number="244" hits="0"/>
						<line number="245" hits="0"/>
						<line number="246" hits="0"/>
						<line number="247" hits="0"/>
						<line number="248" hits="0"/>
						<line number="249" hits="0"/>
						<line number="250" hits="0"/>
						<line number="251" hits="0"/>
						<line number="253" hits="0"/>
						<line number="254" hits="0"/>
						<line number="255" hits="0"/>
						<line number="256" hits="0"/>
						<line number="259" hits="0"/>
						<line number="260" hits="0"/>
						<line number="261" hits="0"/>
						<line number="262" hits="0"/>
						<line number="263" hits="0"/>
						<line number="264" hits="0"/>
						<line number="267" hits="0"/>
						<line number="268" hits="0"/>
						<line number="269" hits="0"/>
						<line number="270" hits="0"/>
						<line number="273" hits="0"/>
						<line number="274" hits="0"/>
						<line number="275" hits="0"/>
						<line number="276" hits="0"/>
						<line number="277" hits="0"/>
						<line number="278" hits="0"/>
						<line number="287" hits="0"/>
						<line number="289" hits="0"/>
						<line number="291" hits="0"/>
						<line number="292" hits="0"/>
						<line number="299" hits="0"/>
						<line number="301" hits="0"/>
						<line number="302" hits="0"/>
						<line number="309" hits="0"/>
						<line number="311" hits="0"/>
						<line number="313" hits="0"/>
						<line number="314" hits="0"/>
						<line number="315" hits="0"/>
						<line number="316" hits="0"/>
						<line number="317" hits="0"/>
						<line number="318" hits="0"/>
						<line number="321" hits="0"/>
						<line number="322" hits="0"/>
						<line number="323" hits="0"/>
						<line number="324" hits="0"/>
						<line number="325" hits="0"/>
						<line number="326" hits="0"/>
						<line number="327" hits="0"/>
						<line number="328" hits="0"/>
						<line number="329" hits="0"/>
						<line number="330" hits="0"/>
						<line number="331" hits="0"/>
						<line number="332" hits="0"/>
						<line number="333" hits="0"/>
						<line number="334" hits="0"/>
						<line number="336" hits="0"/>
						<line number="337" hits="0"/>
						<line number="338" hits="0"/>
						<line number="341" hits="0"/>
						<line number="345" hits="0"/>
						<line number="346" hits="0"/>
						<line number="347" hits="0"/>
						<line number="348" hits="0"/>
						<line number="350" hits="0"/>
						<line number="351" hits="0"/>
						<line number="352" hits="0"/>
						<line number="353" hits="0"/>
						<line number="354" hits="0"/>
						<line number="355" hits="0"/>
						<line number="356" hits="0"/>
						<line number="357" hits="0"/>
						<line number="358" hits="0"/>
						<line number="359" hits="0"/>
						<line number="360" hits="0"/>
						<line number="361" hits="0"/>
						<line number="362" hits="0"/>
						<line number="363" hits="0"/>
						<line number="364" hits="0"/>
						<line number="371" hits="0"/>
						<line number="379" hits="0"/>
						<line number="385" hits="0"/>
						<line number="387" hits="0"/>
						<line number="388" hits="0"/>
						<line number="393" hits="0"/>
						<line number="394" hits="0"/>
						<line number="395" hits="0"/>
						<line number="396" hits="0"/>
						<line number="398" hits="0"/>
						<line number="399" hits="0"/>
						<line number="400" hits="0"/>
						<line number="401" hits="0"/>
						<line number="402" hits="0"/>
						<line number="403" hits="0"/>
						<line number="404" hits="0"/>
						<line number="405" hits="0"/>
						<line number="406" hits="0"/>
						<line number="407" hits="0"/>
						<line number="408" hits="0"/>
						<line number="409" hits="0"/>
						<line number="410" hits="0"/>
						<line number="411" hits="0"/>
						<line number="412" hits="0"/>
						<line number="413" hits="0"/>
						<line number="416" hits="0"/>
						<line number="447" hits="0"/>
						<line number="448" hits="0"/>
						<line number="449" hits="0"/>
						<line number="450" hits="0"/>
						<line number="451" hits="0"/>
						<line number="452" hits="0"/>
						<line number="453" hits="0"/>
						<line number="454" hits="0"/>
						<line number="455" hits="0"/>
						<line number="456" hits="0"/>
						<line number="457" hits="0"/>
						<line number="458" hits="0"/>
						<line number="459" hits="0"/>
						<line number="460" hits="0"/>
						<line number="461" hits="0"/>
						<line number="462" hits="0"/>
						<line number="463" hits="0"/>
						<line number="464" hits="0"/>
						<line number="465" hits="0"/>
						<line number="466" hits="0"/>
						<line number="467" hits="0"/>
						<line number="468" hits="0"/>
						<line number="469" hits="0"/>
						<line number="470" hits="0"/>
						<line number="471" hits="0"/>
						<line number="479" hits="0"/>
						<line number="484" hits="0"/>
						<line number="485" hits="0"/>
						<line number="486" hits="0"/>
						<line number="491" hits="0"/>
						<line number="492" hits="0"/>
						<line number="494" hits="0"/>
						<line number="496" hits="0"/>
						<line number="497" hits="0"/>
						<line number="509" hits="0"/>
						<line number="520" hits="0"/>
						<line number="522" hits="0"/>
						<line number="524" hits="0"/>
						<line number="527" hits="0"/>
						<line number="536" hits="0"/>
						<line number="543" hits="0"/>
						<line number="548" hits="0"/>
						<line number="549" hits="0"/>
						<line number="551" hits="0"/>
						<line number="555" hits="0"/>
						<line number="556" hits="0"/>
						<line number="557" hits="0"/>
						<line number="559" hits="0"/>
						<line number="560" hits="0"/>
						<line number="561" hits="0"/>
						<line number="562" hits="0"/>
						<line number="563" hits="0"/>
						<line number="565" hits="0"/>
						<line number="567" hits="0"/>
						<line number="569" hits="0"/>
						<line number="570" hits="0"/>
						<line number="571" hits="0"/>
						<line number="581" hits="0"/>
						<line number="589" hits="0"/>
						<line number="590" hits="0"/>
						<line number="591" hits="0"/>
						<line number="603" hits="0"/>
						<line number="613" hits="0"/>
						<line number="614" hits="0"/>
						<line number="619" hits="0"/>
						<line number="628" hits="0"/>
						<line number="629" hits="0"/>
						<line number="631" hits="0"/>
						<line number="635" hits="0"/>
						<line number="636" hits="0"/>
						<line number="637" hits="0"/>
						<line number="639" hits="0"/>
						<line number="640" hits="0"/>
						<line number="641" hits="0"/>
						<line number="648" hits="0"/>
						<line number="650" hits="0"/>
						<line number="651" hits="0"/>
						<line number="652" hits="0"/>
						<line number="668" hits="0"/>
						<line number="669" hits="0"/>
						<line number="671" hits="0"/>
						<line number="672" hits="0"/>
						<line number="673" hits="0"/>
						<line number="678" hits="0"/>
						<line number="680" hits="0"/>
						<line number="690" hits="0"/>
						<line number="692" hits="0"/>
						<line number="694" hits="0"/>
						<line number="696" hits="0"/>
						<line number="699" hits="0"/>
						<line number="708" hits="0"/>
						<line number="716" hits="0"/>
						<line number="717" hits="0"/>
						<line number="727" hits="0"/>
						<line number="740" hits="0"/>
						<line number="742" hits="0"/>
						<line number="754" hits="0"/>
						<line number="755" hits="0"/>
						<line number="757" hits="0"/>
						<line number="762" hits="0"/>
						<line number="763" hits="0"/>
						<line number="764" hits="0"/>
						<line number="766" hits="0"/>
						<line number="768" hits="0"/>
						<line number="769" hits="0"/>
						<line number="770" hits="0"/>
						<line number="771" hits="0"/>
						<line number="772" hits="0"/>
						<line number="774" hits="0"/>
						<line number="785" hits="0"/>
						<line number="791" hits="0"/>
						<line number="793" hits="0"/>
						<line number="794" hits="0"/>
						<line number="795" hits="0"/>
						<line number="796" hits="0"/>
						<line number="798" hits="0"/>
						<line number="817" hits="0"/>
						<line number="828" hits="0"/>
						<line number="830" hits="0"/>
						<line number="832" hits="0"/>
						<line number="840" hits="0"/>
						<line number="858" hits="0"/>
						<line number="859" hits="0"/>
						<line number="877" hits="0"/>
						<line number="878" hits="0"/>
						<line number="879" hits="0"/>
						<line number="880" hits="0"/>
						<line number="882" hits="0"/>
						<line number="889" hits="0"/>
						<line number="907" hits="0"/>
						<line number="909" hits="0"/>
						<line number="921" hits="0"/>
						<line number="922" hits="0"/>
						<line number="924" hits="0"/>
						<line number="928" hits="0"/>
						<line number="930" hits="0"/>
						<line number="931" hits="0"/>
						<line number="932" hits="0"/>
						<line number="935" hits="0"/>
						<line number="936" hits="0"/>
						<line number="937" hits="0"/>
						<line number="938" hits="0"/>
						<line number="939" hits="0"/>
						<line number="940" hits="0"/>
						<line number="942" hits="0"/>
						<line number="943" hits="0"/>
						<line number="946" hits="0"/>
						<line number="947" hits="0"/>
						<line number="950" hits="0"/>
						<line number="951" hits="0"/>
						<line number="952" hits="0"/>
						<line number="954" hits="0"/>
						<line number="967" hits="0"/>
						<line number="968" hits="0"/>
						<line number="969" hits="0"/>
						<line number="970" hits="0"/>
						<line number="972" hits="0"/>
						<line number="973" hits="0"/>
						<line number="974" hits="0"/>
						<line number="977" hits="0"/>
						<line number="978" hits="0"/>
						<line number="979" hits="0"/>
						<line number="980" hits="0"/>
						<line number="981" hits="0"/>
						<line number="982" hits="0"/>
						<line number="984" hits="0"/>
						<line number="985" hits="0"/>
						<line number="987" hits="0"/>
						<line number="990" hits="0"/>
						<line number="993" hits="0"/>
						<line number="1001" hits="0"/>
						<line number="1008" hits="0"/>
						<line number="1016" hits="0"/>
						<line number="1021" hits="0"/>
						<line number="1022" hits="0"/>
						<line number="1024" hits="0"/>
						<line number="1032" hits="0"/>
						<line number="1033" hits="0"/>
						<line number="1034" hits="0"/>
						<line number="1042" hits="0"/>
						<line number="1044" hits="0"/>
						<line number="1046" hits="0"/>
						<line number="1047" hits="0"/>
						<line number="1048" hits="0"/>
						<line number="1057" hits="0"/>
						<line number="1058" hits="0"/>
						<line number="1059" hits="0"/>
						<line number="1061" hits="0"/>
						<line number="1069" hits="0"/>
						<line number="1070" hits="0"/>
						<line number="1071" hits="0"/>
						<line number="1072" hits="0"/>
						<line number="1074" hits="0"/>
						<line number="1075" hits="0"/>
						<line number="1092" hits="0"/>
						<line number="1093" hits="0"/>
						<line number="1094" hits="0"/>
						<line number="1096" hits="0"/>
						<line number="1109" hits="0"/>
						<line number="1110" hits="0"/>
						<line number="1112" hits="0"/>
						<line number="1118" hits="0"/>
						<line number="1120" hits="0"/>
						<line number="1121" hits="0"/>
						<line number="1124" hits="0"/>
						<line number="1126" hits="0"/>
						<line number="1129" hits="0"/>
						<line number="1138" hits="0"/>
						<line number="1152" hits="0"/>
						<line number="1165" hits="0"/>
						<line number="1167" hits="0"/>
						<line number="1175" hits="0"/>
						<line number="1176" hits="0"/>
						<line number="1178" hits="0"/>
						<line number="1179" hits="0"/>
						<line number="1180" hits="0"/>
						<line number="1185" hits="0"/>
						<line number="1186" hits="0"/>
						<line number="1187" hits="0"/>
						<line number="1192" hits="0"/>
						<line number="1194" hits="0"/>
						<line number="1201" hits="0"/>
						<line number="1219" hits="0"/>
						<line number="1220" hits="0"/>
						<line number="1222" hits="0"/>
						<line number="1227" hits="0"/>
						<line number="1228" hits="0"/>
						<line number="1230" hits="0"/>
						<line number="1239" hits="0"/>
						<line number="1246" hits="0"/>
						<line number="1250" hits="0"/>
						<line number="1251" hits="0"/>
						<line number="1259" hits="0"/>
						<line number="1268" hits="0"/>
						<line number="1269" hits="0"/>
						<line number="1278" hits="0"/>
						<line number="1279" hits="0"/>
						<line number="1280" hits="0"/>
						<line number="1287" hits="0"/>
						<line number="1291" hits="0"/>
						<line number="1292" hits="0"/>
						<line number="1294" hits="0"/>
						<line number="1295" hits="0"/>
						<line number="1297" hits="0"/>
						<line number="1298" hits="0"/>
						<line number="1300" hits="0"/>
						<line number="1301" hits="0"/>
						<line number="1303" hits="0"/>
						<line number="1305" hits="0"/>
						<line number="1307" hits="0"/>
						<line number="1309" hits="0"/>
						<line number="1310" hits="0"/>
						<line number="1311" hits="0"/>
						<line number="1329" hits="0"/>
						<line number="1330" hits="0"/>
						<line number="1333" hits="0"/>
						<line number="1334" hits="0"/>
						<line number="1337" hits="0"/>
						<line number="1338" hits="0"/>
						<line number="1340" hits="0"/>
						<line number="1353" hits="0"/>
						<line number="1357" hits="0"/>
						<line number="1362" hits="0"/>
						<line number="1365" hits="0"/>
						<line number="1374" hits="0"/>
						<line number="1389" hits="0"/>
						<line number="1402" hits="0"/>
						<line number="1404" hits="0"/>
						<line number="1418" hits="0"/>
						<line number="1419" hits="0"/>
						<line number="1421" hits="0"/>
						<line number="1428" hits="0"/>
						<line number="1429" hits="0"/>
						<line number="1431" hits="0"/>
						<line number="1433" hits="0"/>
						<line number="1434" hits="0"/>
						<line number="1435" hits="0"/>
						<line number="1450" hits="0"/>
						<line number="1452" hits="0"/>
						<line number="1453" hits="0"/>
						<line number="1454" hits="0"/>
						<line number="1473" hits="0"/>
						<line number="1474" hits="0"/>
						<line number="1490" hits="0"/>
						<line number="1502" hits="0"/>
						<line number="1506" hits="0"/>
						<line number="1507" hits="0"/>
						<line number="1509" hits="0"/>
						<line number="1510" hits="0"/>
						<line number="1512" hits="0"/>
						<line number="1514" hits="0"/>
						<line number="1515" hits="0"/>
						<line number="1529" hits="0"/>
						<line number="1530" hits="0"/>
						<line number="1543" hits="0"/>
						<line number="1544" hits="0"/>
						<line number="1546" hits="0"/>
						<line number="1553" hits="0"/>
						<line number="1555" hits="0"/>
						<line number="1557" hits="0"/>
						<line number="1559" hits="0"/>
						<line number="1564" hits="0"/>
						<line number="1566" hits="0"/>
						<line number="1567" hits="0"/>
						<line number="1569" hits="0"/>
						<line number="1570" hits="0"/>
						<line number="1571" hits="0"/>
						<line number="1572" hits="0"/>
						<line number="1574" hits="0"/>
						<line number="1575" hits="0"/>
						<line number="1578" hits="0"/>
						<line number="1589" hits="0"/>
						<line number="1595" hits="0"/>
						<line number="1596" hits="0"/>
						<line number="1597" hits="0"/>
						<line number="1605" hits="0"/>
						<line number="1606" hits="0"/>
						<line number="1609" hits="0"/>
						<line number="1617" hits="0"/>
						<line number="1618" hits="0"/>
						<line number="1626" hits="0"/>
						<line number="1627" hits="0"/>
						<line number="1628" hits="0"/>
						<line number="1629" hits="0"/>
						<line number="1631" hits="0"/>
						<line number="1632" hits="0"/>
						<line number="1635" hits="0"/>
						<line number="1643" hits="0"/>
						<line number="1644" hits="0"/>
						<line number="1652" hits="0"/>
						<line number="1658" hits="0"/>
						<line number="1669" hits="0"/>
						<line number="1672" hits="0"/>
						<line number="1674" hits="0"/>
						<line number="1675" hits="0"/>
						<line number="1676" hits="0"/>
						<line number="1677" hits="0"/>
						<line number="1679" hits="0"/>
						<line number="1680" hits="0"/>
						<line number="1682" hits="0"/>
						<line number="1683" hits="0"/>
						<line number="1685" hits="0"/>
						<line number="1697" hits="0"/>
						<line number="1699" hits="0"/>
						<line number="1701" hits="0"/>
						<line number="1702" hits="0"/>
						<line number="1705" hits="0"/>
						<line number="1706" hits="0"/>
						<line number="1715" hits="0"/>
						<line number="1718" hits="0"/>
						<line number="1720" hits="0"/>
						<line number="1721" hits="0"/>
						<line number="1724" hits="0"/>
						<line number="1725" hits="0"/>
						<line number="1727" hits="0"/>
						<line number="1734" hits="0"/>
						<line number="1742" hits="0"/>
						<line number="1749" hits="0"/>
						<line number="1750" hits="0"/>
						<line number="1751" hits="0"/>
						<line number="1752" hits="0"/>
						<line number="1754" hits="0"/>
						<line number="1756" hits="0"/>
						<line number="1758" hits="0"/>
						<line number="1766" hits="0"/>
						<line number="1767" hits="0"/>
						<line number="1769" hits="0"/>
						<line number="1777" hits="0"/>
						<line number="1779" hits="0"/>
						<line number="1780" hits="0"/>
						<line number="1781" hits="0"/>
						<line number="1782" hits="0"/>
						<line number="1784" hits="0"/>
						<line number="1792" hits="0"/>
						<line number="1793" hits="0"/>
						<line number="1800" hits="0"/>
						<line number="1802" hits="0"/>
						<line number="1804" hits="0"/>
						<line number="1805" hits="0"/>
						<line number="1808" hits="0"/>
						<line number="1810" hits="0"/>
						<line number="1812" hits="0"/>
						<line number="1821" hits="0"/>
						<line number="1824" hits="0"/>
						<line number="1829" hits="0"/>
						<line number="1836" hits="0"/>
						<line number="1844" hits="0"/>
						<line number="1846" hits="0"/>
						<line number="1855" hits="0"/>
						<line number="1856" hits="0"/>
						<line number="1858" hits="0"/>
						<line number="1864" hits="0"/>
						<line number="1866" hits="0"/>
						<line number="1868" hits="0"/>
						<line number="1870" hits="0"/>
						<line number="1872" hits="0"/>
						<line number="1873" hits="0"/>
						<line number="1876" hits="0"/>
						<line number="1877" hits="0"/>
						<line number="1878" hits="0"/>
						<line number="1879" hits="0"/>
						<line number="1880" hits="0"/>
						<line number="1883" hits="0"/>
						<line number="1884" hits="0"/>
						<line number="1885" hits="0"/>
						<line number="1886" hits="0"/>
						<line number="1888" hits="0"/>
						<line number="1889" hits="0"/>
						<line number="1892" hits="0"/>
						<line number="1901" hits="0"/>
						<line number="1909" hits="0"/>
						<line number="1917" hits="0"/>
						<line number="1929" hits="0"/>
						<line number="1931" hits="0"/>
						<line number="1932" hits="0"/>
						<line number="1933" hits="0"/>
						<line number="1934" hits="0"/>
						<line number="1936" hits="0"/>
						<line number="1937" hits="0"/>
						<line number="1940" hits="0"/>
						<line number="1941" hits="0"/>
						<line number="1942" hits="0"/>
						<line number="1944" hits="0"/>
						<line number="1945" hits="0"/>
						<line number="1946" hits="0"/>
						<line number="1948" hits="0"/>
						<line number="1949" hits="0"/>
						<line number="1951" hits="0"/>
						<line number="1954" hits="0"/>
						<line number="1956" hits="0"/>
						<line number="1963" hits="0"/>
						<line number="1965" hits="0"/>
						<line number="1968" hits="0"/>
						<line number="1969" hits="0"/>
						<line number="1971" hits="0"/>
						<line number="1976" hits="0"/>
						<line number="1977" hits="0"/>
						<line number="1978" hits="0"/>
						<line number="1981" hits="0"/>
						<line number="1982" hits="0"/>
						<line number="1983" hits="0"/>
						<line number="1985" hits="0"/>
						<line number="1986" hits="0"/>
						<line number="1987" hits="0"/>
						<line number="1990" hits="0"/>
						<line number="1991" hits="0"/>
						<line number="1992" hits="0"/>
						<line number="1993" hits="0"/>
						<line number="1995" hits="0"/>
						<line number="1997" hits="0"/>
						<line number="2005" hits="0"/>
						<line number="2006" hits="0"/>
						<line number="2007" hits="0"/>
						<line number="2008" hits="0"/>
						<line number="2009" hits="0"/>
						<line number="2010" hits="0"/>
						<line number="2011" hits="0"/>
						<line number="2018" hits="0"/>
						<line number="2019" hits="0"/>
						<line number="2021" hits="0"/>
						<line number="2022" hits="0"/>
						<line number="2024" hits="0"/>
						<line number="2030" hits="0"/>
						<line number="2032" hits="0"/>
						<line number="2033" hits="0"/>
						<line number="2034" hits="0"/>
						<line number="2035" hits="0"/>
						<line number="2037" hits="0"/>
						<line number="2038" hits="0"/>
						<line number="2040" hits="0"/>
						<line number="2043" hits="0"/>
						<line number="2044" hits="0"/>
						<line number="2045" hits="0"/>
						<line number="2046" hits="0"/>
						<line number="2047" hits="0"/>
						<line number="2048" hits="0"/>
						<line number="2050" hits="0"/>
						<line number="2052" hits="0"/>
						<line number="2054" hits="0"/>
						<line number="2068" hits="0"/>
						<line number="2070" hits="0"/>
						<line number="2072" hits="0"/>
						<line number="2074" hits="0"/>
						<line number="2075" hits="0"/>
						<line number="2078" hits="0"/>
						<line number="2079" hits="0"/>
						<line number="2081" hits="0"/>
						<line number="2084" hits="0"/>
						<line number="2092" hits="0"/>
						<line number="2093" hits="0"/>
						<line number="2103" hits="0"/>
						<line number="2104" hits="0"/>
						<line number="2105" hits="0"/>
						<line number="2109" hits="0"/>
						<line number="2111" hits="0"/>
						<line number="2113" hits="0"/>
						<line number="2121" hits="0"/>
						<line number="2123" hits="0"/>
						<line number="2124" hits="0"/>
						<line number="2125" hits="0"/>
						<line number="2126" hits="0"/>
						<line number="2127" hits="0"/>
						<line number="2129" hits="0"/>
						<line number="2130" hits="0"/>
						<line number="2131" hits="0"/>
						<line number="2133" hits="0"/>
						<line number="2134" hits="0"/>
						<line number="2136" hits="0"/>
						<line number="2139" hits="0"/>
						<line number="2140" hits="0"/>
						<line number="2142" hits="0"/>
						<line number="2144" hits="0"/>
						<line number="2145" hits="0"/>
						<line number="2149" hits="0"/>
						<line number="2156" hits="0"/>
						<line number="2164" hits="0"/>
						<line number="2165" hits="0"/>
						<line number="2166" hits="0"/>
						<line number="2173" hits="0"/>
						<line number="2174" hits="0"/>
						<line number="2175" hits="0"/>
						<line number="2176" hits="0"/>
						<line number="2178" hits="0"/>
						<line number="2180" hits="0"/>
						<line number="2182" hits="0"/>
						<line number="2183" hits="0"/>
						<line number="2184" hits="0"/>
						<line number="2186" hits="0"/>
						<line number="2187" hits="0"/>
						<line number="2189" hits="0"/>
						<line number="2196" hits="0"/>
						<line number="2209" hits="0"/>
						<line number="2210" hits="0"/>
						<line number="2212" hits="0"/>
						<line number="2220" hits="0"/>
						<line number="2222" hits="0"/>
						<line number="2224" hits="0"/>
						<line number="2227" hits="0"/>
						<line number="2236" hits="0"/>
						<line number="2244" hits="0"/>
						<line number="2245" hits="0"/>
						<line number="2254" hits="0"/>
						<line number="2255" hits="0"/>
						<line number="2256" hits="0"/>
						<line number="2266" hits="0"/>
						<line number="2267" hits="0"/>
						<line number="2268" hits="0"/>
						<line number="2277" hits="0"/>
						<line number="2285" hits="0"/>
						<line number="2287" hits="0"/>
						<line number="2288" hits="0"/>
						<line number="2289" hits="0"/>
						<line number="2290" hits="0"/>
						<line number="2291" hits="0"/>
						<line number="2293" hits="0"/>
						<line number="2294" hits="0"/>
						<line number="2295" hits="0"/>
						<line number="2297" hits="0"/>
						<line number="2306" hits="0"/>
						<line number="2308" hits="0"/>
						<line number="2316" hits="0"/>
						<line number="2317" hits="0"/>
						<line number="2318" hits="0"/>
						<line number="2319" hits="0"/>
						<line number="2320" hits="0"/>
						<line number="2323" hits="0"/>
						<line number="2326" hits="0"/>
						<line number="2327" hits="0"/>
						<line number="2336" hits="0"/>
						<line number="2344" hits="0"/>
						<line number="2352" hits="0"/>
						<line number="2353" hits="0"/>
						<line number="2354" hits="0"/>
						<line number="2355" hits="0"/>
						<line number="2356" hits="0"/>
						<line number="2358" hits="0"/>
						<line number="2366" hits="0"/>
						<line number="2376" hits="0"/>
						<line number="2383" hits="0"/>
						<line number="2396" hits="0"/>
						<line number="2399" hits="0"/>
						<line number="2401" hits="0"/>
						<line number="2402" hits="0"/>
						<line number="2403" hits="0"/>
						<line number="2412" hits="0"/>
						<line number="2413" hits="0"/>
						<line number="2414" hits="0"/>
						<line number="2423" hits="0"/>
						<line number="2424" hits="0"/>
						<line number="2425" hits="0"/>
						<line number="2434" hits="0"/>
						<line number="2442" hits="0"/>
						<line number="2443" hits="0"/>
						<line number="2444" hits="0"/>
						<line number="2445" hits="0"/>
						<line number="2447" hits="0"/>
						<line number="2448" hits="0"/>
						<line number="2449" hits="0"/>
						<line number="2451" hits="0"/>
						<line number="2452" hits="0"/>
						<line number="2453" hits="0"/>
						<line number="2454" hits="0"/>
						<line number="2456" hits="0"/>
						<line number="2457" hits="0"/>
						<line number="2458" hits="0"/>
						<line number="2460" hits="0"/>
						<line number="2461" hits="0"/>
						<line number="2463" hits="0"/>
						<line number="2470" hits="0"/>
						<line number="2472" hits="0"/>
						<line number="2474" hits="0"/>
						<line number="2475" hits="0"/>
						<line number="2476" hits="0"/>
						<line number="2483" hits="0"/>
						<line number="2484" hits="0"/>
						<line number="2485" hits="0"/>
						<line number="2499" hits="0"/>
						<line number="2501" hits="0"/>
						<line number="2502" hits="0"/>
						<line number="2503" hits="0"/>
						<line number="2504" hits="0"/>
						<line number="2513" hits="0"/>
						<line number="2514" hits="0"/>
						<line number="2516" hits="0"/>
						<line number="2521" hits="0"/>
						<line number="2523" hits="0"/>
						<line number="2525" hits="0"/>
						<line number="2527" hits="0"/>
						<line number="2530" hits="0"/>
						<line number="2539" hits="0"/>
						<line number="2547" hits="0"/>
						<line number="2558" hits="0"/>
						<line number="2568" hits="0"/>
						<line number="2576" hits="0"/>
						<line number="2578" hits="0"/>
						<line number="2579" hits="0"/>
						<line number="2580" hits="0"/>
						<line number="2581" hits="0"/>
						<line number="2583" hits="0"/>
						<line number="2592" hits="0"/>
						<line number="2593" hits="0"/>
						<line number="2613" hits="0"/>
						<line number="2615" hits="0"/>
						<line number="2620" hits="0"/>
						<line number="2622" hits="0"/>
						<line number="2625" hits="0"/>
						<line number="2632" hits="0"/>
						<line number="2639" hits="0"/>
						<line number="2647" hits="0"/>
						<line number="2656" hits="0"/>
						<line number="2665" hits="0"/>
						<line number="2673" hits="0"/>
						<line number="2674" hits="0"/>
						<line number="2675" hits="0"/>
						<line number="2676" hits="0"/>
						<line number="2677" hits="0"/>
						<line number="2678" hits="0"/>
						<line number="2685" hits="0"/>
						<line number="2692" hits="0"/>
						<line number="2693" hits="0"/>
						<line number="2694" hits="0"/>
						<line number="2696" hits="0"/>
						<line number="2698" hits="0"/>
						<line number="2700" hits="0"/>
						<line number="2701" hits="0"/>
						<line number="2702" hits="0"/>
						<line number="2703" hits="0"/>
						<line number="2704" hits="0"/>
						<line number="2706" hits="0"/>
						<line number="2707" hits="0"/>
						<line number="2709" hits="0"/>
						<line number="2720" hits="0"/>
						<line number="2722" hits="0"/>
						<line number="2724" hits="0"/>
						<line number="2727" hits="0"/>
						<line number="2738" hits="0"/>
						<line number="2739" hits="0"/>
						<line number="2740" hits="0"/>
						<line number="2743" hits="0"/>
						<line number="2745" hits="0"/>
						<line number="2746" hits="0"/>
						<line number="2747" hits="0"/>
						<line number="2750" hits="0"/>
						<line number="2751" hits="0"/>
						<line number="2752" hits="0"/>
						<line number="2754" hits="0"/>
						<line number="2762" hits="0"/>
						<line number="2765" hits="0"/>
						<line number="2768" hits="0"/>
						<line number="2771" hits="0"/>
						<line number="2779" hits="0"/>
						<line number="2800" hits="0"/>
						<line number="2803" hits="0"/>
						<line number="2805" hits="0"/>
						<line number="2806" hits="0"/>
						<line number="2807" hits="0"/>
						<line number="2808" hits="0"/>
						<line number="2811" hits="0"/>
						<line number="2817" hits="0"/>
						<line number="2819" hits="0"/>
						<line number="2827" hits="0"/>
						<line number="2828" hits="0"/>
						<line number="2830" hits="0"/>
						<line number="2838" hits="0"/>
						<line number="2840" hits="0"/>
						<line number="2846" hits="0"/>
						<line number="2862" hits="0"/>
						<line number="2863" hits="0"/>
						<line number="2864" hits="0"/>
						<line number="2868" hits="0"/>
						<line number="2869" hits="0"/>
						<line number="2875" hits="0"/>
						<line number="2880" hits="0"/>
						<line number="2884" hits="0"/>
						<line number="2885" hits="0"/>
						<line number="2891" hits="0"/>
						<line number="2897" hits="0"/>
						<line number="2906" hits="0"/>
						<line number="2907" hits="0"/>
						<line number="2908" hits="0"/>
						<line number="2915" hits="0"/>
						<line number="2921" hits="0"/>
						<line number="2928" hits="0"/>
						<line number="2929" hits="0"/>
						<line number="2930" hits="0"/>
						<line number="2937" hits="0"/>
						<line number="2943" hits="0"/>
						<line number="2951" hits="0"/>
						<line number="2952" hits="0"/>
						<line number="2953" hits="0"/>
						<line number="2961" hits="0"/>
						<line number="2964" hits="0"/>
						<line number="2965" hits="0"/>
						<line number="2966" hits="0"/>
						<line number="2967" hits="0"/>
						<line number="2968" hits="0"/>
						<line number="2976" hits="0"/>
						<line number="2980" hits="0"/>
						<line number="2981" hits="0"/>
						<line number="2987" hits="0"/>
						<line number="2988" hits="0"/>
						<line number="2996" hits="0"/>
						<line number="2997" hits="0"/>
						<line number="3003" hits="0"/>
						<line number="3011" hits="0"/>
						<line number="3012" hits="0"/>
						<line number="3013" hits="0"/>
						<line number="3014" hits="0"/>
						<line number="3015" hits="0"/>
						<line number="3016" hits="0"/>
						<line number="3017" hits="0"/>
						<line number="3018" hits="0"/>
						<line number="3019" hits="0"/>
						<line number="3020" hits="0"/>
						<line number="3021" hits="0"/>
						<line number="3022" hits="0"/>
						<line number="3023" hits="0"/>
						<line number="3025" hits="0"/>
						<line number="3032" hits="0"/>
						<line number="3035" hits="0"/>
						<line number="3037" hits="0"/>
						<line number="3038" hits="0"/>
						<line number="3050" hits="0"/>
						<line number="3051" hits="0"/>
						<line number="3063" hits="0"/>
						<line number="3064" hits="0"/>
						<line number="3066" hits="0"/>
						<line number="3068" hits="0"/>
						<line number="3070" hits="0"/>
						<line number="3077" hits="0"/>
						<line number="3079" hits="0"/>
						<line number="3087" hits="0"/>
						<line number="3089" hits="0"/>
						<line number="3096" hits="0"/>
						<line number="3098" hits="0"/>
						<line number="3099" hits="0"/>
						<line number="3101" hits="0"/>
						<line number="3103" hits="0"/>
						<line number="3111" hits="0"/>
						<line number="3118" hits="0"/>
						<line number="3126" hits="0"/>
						<line number="3128" hits="0"/>
						<line number="3136" hits="0"/>
						<line number="3138" hits="0"/>
						<line number="3140" hits="0"/>
						<line number="3142" hits="0"/>
						<line number="3143" hits="0"/>
						<line number="3145" hits="0"/>
						<line number="3148" hits="0"/>
						<line number="3156" hits="0"/>
						<line number="3157" hits="0"/>
						<line number="3167" hits="0"/>
						<line number="3168" hits="0"/>
						<line number="3170" hits="0"/>
						<line number="3175" hits="0"/>
						<line number="3178" hits="0"/>
						<line number="3186" hits="0"/>
						<line number="3188" hits="0"/>
						<line number="3189" hits="0"/>
						<line number="3190" hits="0"/>
						<line number="3191" hits="0"/>
						<line number="3193" hits="0"/>
						<line number="3194" hits="0"/>
						<line number="3196" hits="0"/>
						<line number="3197" hits="0"/>
						<line number="3198" hits="0"/>
						<line number="3200" hits="0"/>
						<line number="3201" hits="0"/>
						<line number="3202" hits="0"/>
						<line number="3203" hits="0"/>
						<line number="3205" hits="0"/>
						<line number="3208" hits="0"/>
						<line number="3210" hits="0"/>
						<line number="3212" hits="0"/>
						<line number="3214" hits="0"/>
						<line number="3215" hits="0"/>
						<line number="3217" hits="0"/>
						<line number="3220" hits="0"/>
						<line number="3228" hits="0"/>
						<line number="3229" hits="0"/>
						<line number="3239" hits="0"/>
						<line number="3240" hits="0"/>
						<line number="3245" hits="0"/>
						<line number="3248" hits="0"/>
						<line number="3257" hits="0"/>
						<line number="3259" hits="0"/>
						<line number="3260" hits="0"/>
						<line number="3261" hits="0"/>
						<line number="3262" hits="0"/>
						<line number="3264" hits="0"/>
						<line number="3265" hits="0"/>
						<line number="3267" hits="0"/>
						<line number="3278" hits="0"/>
						<line number="3280" hits="0"/>
						<line number="3289" hits="0"/>
						<line number="3292" hits="0"/>
						<line number="3294" hits="0"/>
						<line number="3300" hits="0"/>
						<line number="3301" hits="0"/>
						<line number="3304" hits="0"/>
						<line number="3305" hits="0"/>
						<line number="3310" hits="0"/>
						<line number="3311" hits="0"/>
						<line number="3313" hits="0"/>
						<line number="3322" hits="0"/>
						<line number="3323" hits="0"/>
						<line number="3324" hits="0"/>
						<line number="3326" hits="0"/>
						<line number="3330" hits="0"/>
						<line number="3331" hits="0"/>
						<line number="3334" hits="0"/>
						<line number="3335" hits="0"/>
						<line number="3336" hits="0"/>
						<line number="3339" hits="0"/>
						<line number="3340" hits="0"/>
						<line number="3341" hits="0"/>
						<line number="3344" hits="0"/>
						<line number="3350" hits="0"/>
						<line number="3352" hits="0"/>
						<line number="3353" hits="0"/>
						<line number="3356" hits="0"/>
						<line number="3357" hits="0"/>
						<line number="3358" hits="0"/>
						<line number="3359" hits="0"/>
						<line number="3360" hits="0"/>
						<line number="3361" hits="0"/>
						<line number="3362" hits="0"/>
						<line number="3364" hits="0"/>
						<line number="3366" hits="0"/>
						<line number="3368" hits="0"/>
						<line number="3370" hits="0"/>
						<line number="3378" hits="0"/>
						<line number="3379" hits="0"/>
						<line number="3382" hits="0"/>
						<line number="3388" hits="0"/>
						<line number="3389" hits="0"/>
						<line number="3390" hits="0"/>
						<line number="3391" hits="0"/>
						<line number="3394" hits="0"/>
						<line number="3397" hits="0"/>
						<line number="3405" hits="0"/>
						<line number="3406" hits="0"/>
						<line number="3414" hits="0"/>
						<line number="3415" hits="0"/>
						<line number="3423" hits="0"/>
						<line number="3431" hits="0"/>
						<line number="3441" hits="0"/>
						<line number="3453" hits="0"/>
						<line number="3455" hits="0"/>
						<line number="3457" hits="0"/>
						<line number="3458" hits="0"/>
						<line number="3459" hits="0"/>
						<line number="3460" hits="0"/>
						<line number="3461" hits="0"/>
						<line number="3462" hits="0"/>
						<line number="3464" hits="0"/>
						<line number="3465" hits="0"/>
						<line number="3466" hits="0"/>
						<line number="3468" hits="0"/>
						<line number="3469" hits="0"/>
						<line number="3471" hits="0"/>
						<line number="3474" hits="0"/>
						<line number="3476" hits="0"/>
						<line number="3477" hits="0"/>
						<line number="3478" hits="0"/>
						<line number="3479" hits="0"/>
						<line number="3480" hits="0"/>
						<line number="3481" hits="0"/>
						<line number="3483" hits="0"/>
						<line number="3492" hits="0"/>
						<line number="3495" hits="0"/>
						<line number="3512" hits="0"/>
						<line number="3513" hits="0"/>
						<line number="3515" hits="0"/>
						<line number="3523" hits="0"/>
						<line number="3525" hits="0"/>
						<line number="3527" hits="0"/>
						<line number="3528" hits="0"/>
						<line number="3529" hits="0"/>
						<line number="3532" hits="0"/>
						<line number="3533" hits="0"/>
						<line number="3534" hits="0"/>
						<line number="3537" hits="0"/>
						<line number="3538" hits="0"/>
						<line number="3539" hits="0"/>
						<line number="3541" hits="0"/>
						<line number="3553" hits="0"/>
						<line number="3554" hits="0"/>
						<line number="3561" hits="0"/>
						<line number="3567" hits="0"/>
						<line number="3575" hits="0"/>
						<line number="3581" hits="0"/>
						<line number="3584" hits="0"/>
						<line number="3585" hits="0"/>
						<line number="3593" hits="0"/>
						<line number="3599" hits="0"/>
						<line number="3607" hits="0"/>
						<line number="3613" hits="0"/>
						<line number="3616" hits="0"/>
						<line number="3622" hits="0"/>
						<line number="3630" hits="0"/>
						<line number="3631" hits="0"/>
						<line number="3632" hits="0"/>
						<line number="3633" hits="0"/>
						<line number="3634" hits="0"/>
						<line number="3635" hits="0"/>
						<line number="3637" hits="0"/>
						<line number="3644" hits="0"/>
						<line number="3646" hits="0"/>
						<line number="3647" hits="0"/>
						<line number="3661" hits="0"/>
						<line number="3677" hits="0"/>
						<line number="3679" hits="0"/>
						<line number="3680" hits="0"/>
						<line number="3682" hits="0"/>
						<line number="3684" hits="0"/>
						<line number="3685" hits="0"/>
						<line number="3686" hits="0"/>
						<line number="3687" hits="0"/>
						<line number="3688" hits="0"/>
						<line number="3689" hits="0"/>
						<line number="3691" hits="0"/>
						<line number="3692" hits="0"/>
						<line number="3693" hits="0"/>
						<line number="3694" hits="0"/>
						<line number="3695" hits="0"/>
						<line number="3696" hits="0"/>
						<line number="3697" hits="0"/>
						<line number="3699" hits="0"/>
						<line number="3700" hits="0"/>
						<line number="3702" hits="0"/>
						<line number="3703" hits="0"/>
						<line number="3704" hits="0"/>
						<line number="3709" hits="0"/>
						<line number="3710" hits="0"/>
						<line number="3712" hits="0"/>
						<line number="3714" hits="0"/>
						<line number="3715" hits="0"/>
						<line number="3730" hits="0"/>
						<line number="3739" hits="0"/>
						<line number="3741" hits="0"/>
						<line number="3743" hits="0"/>
						<line number="3744" hits="0"/>
						<line number="3745" hits="0"/>
						<line number="3746" hits="0"/>
						<line number="3747" hits="0"/>
						<line number="3750" hits="0"/>
						<line number="3751" hits="0"/>
						<line number="3753" hits="0"/>
						<line number="3755" hits="0"/>
						<line number="3756" hits="0"/>
						<line number="3758" hits="0"/>
						<line number="3759" hits="0"/>
						<line number="3762" hits="0"/>
						<line number="3769" hits="0"/>
						<line number="3771" hits="0"/>
						<line number="3773" hits="0"/>
						<line number="3774" hits="0"/>
						<line number="3775" hits="0"/>
						<line number="3776" hits="0"/>
						<line number="3777" hits="0"/>
						<line number="3778" hits="0"/>
						<line number="3781" hits="0"/>
						<line number="3789" hits="0"/>
						<line number="3797" hits="0"/>
						<line number="3804" hits="0"/>
						<line number="3817" hits="0"/>
						<line number="3819" hits="0"/>
						<line number="3820" hits="0"/>
						<line number="3822" hits="0"/>
						<line number="3836" hits="0"/>
						<line number="3837" hits="0"/>
						<line number="3838" hits="0"/>
						<line number="3840" hits="0"/>
						<line number="3843" hits="0"/>
						<line number="3844" hits="0"/>
						<line number="3845" hits="0"/>
						<line number="3846" hits="0"/>
						<line number="3859" hits="0"/>
						<line number="3860" hits="0"/>
						<line number="3871" hits="0"/>
						<line number="3874" hits="0"/>
						<line number="3875" hits="0"/>
						<line number="3876" hits="0"/>
						<line number="3877" hits="0"/>
						<line number="3893" hits="0"/>
						<line number="3894" hits="0"/>
						<line number="3904" hits="0"/>
						<line number="3907" hits="0"/>
						<line number="3908" hits="0"/>
						<line number="3909" hits="0"/>
						<line number="3910" hits="0"/>
						<line number="3926" hits="0"/>
						<line number="3927" hits="0"/>
						<line number="3937" hits="0"/>
						<line number="3938" hits="0"/>
						<line number="3940" hits="0"/>
						<line number="3948" hits="0"/>
						<line number="3951" hits="0"/>
						<line number="3952" hits="0"/>
					</lines>
				</class>
				<class name="config.py" filename="config.py" complexity="0" line-rate="0" branch-rate="0">
					<methods/>
					<lines>
						<line number="9" hits="0"/>
						<line number="24" hits="0"/>
					</lines>
				</class>
				<class name="data.py" filename="data.py" complexity="0" line-rate="0.5161" branch-rate="0">
					<methods/>
					<lines>
						<line number="7" hits="1"/>
						<line number="8" hits="1"/>
						<line number="9" hits="1"/>
						<line number="10" hits="1"/>
						<line number="13" hits="1"/>
						<line number="15" hits="0"/>
						<line number="16" hits="0"/>
						<line number="17" hits="0"/>
						<line number="20" hits="1"/>
						<line number="21" hits="1"/>
						<line number="26" hits="0"/>
						<line number="28" hits="0"/>
						<line number="30" hits="0"/>
						<line number="32" hits="0"/>
						<line number="33" hits="0"/>
						<line number="34" hits="0"/>
						<line number="35" hits="0"/>
						<line number="36" hits="0"/>
						<line number="37" hits="0"/>
						<line number="38" hits="0"/>
						<line number="39" hits="0"/>
						<line number="40" hits="0"/>
						<line number="41" hits="0"/>
						<line number="42" hits="0"/>
						<line number="43" hits="0"/>
						<line number="53" hits="0"/>
						<line number="54" hits="0"/>
						<line number="55" hits="0"/>
						<line number="56" hits="0"/>
						<line number="57" hits="0"/>
						<line number="58" hits="0"/>
						<line number="59" hits="0"/>
						<line number="60" hits="0"/>
						<line number="61" hits="0"/>
						<line number="62" hits="0"/>
						<line number="63" hits="0"/>
						<line number="73" hits="0"/>
						<line number="76" hits="1"/>
						<line number="77" hits="1"/>
						<line number="95" hits="1"/>
						<line number="97" hits="1"/>
						<line number="98" hits="1"/>
						<line number="99" hits="1"/>
						<line number="100" hits="1"/>
						<line number="101" hits="1"/>
						<line number="102" hits="1"/>
						<line number="103" hits="1"/>
						<line number="104" hits="1"/>
						<line number="105" hits="1"/>
						<line number="106" hits="1"/>
						<line number="108" hits="1"/>
						<line number="110" hits="1"/>
						<line number="111" hits="1"/>
						<line number="112" hits="1"/>
						<line number="114" hits="1"/>
						<line number="116" hits="1"/>
						<line number="117" hits="1"/>
						<line number="118" hits="1"/>
						<line number="119" hits="1"/>
						<line number="120" hits="1"/>
						<line number="122" hits="1"/>
						<line number="123" hits="1"/>
						<line number="125" hits="1"/>
						<line number="128" hits="1"/>
						<line number="129" hits="1"/>
						<line number="131" hits="1"/>
						<line number="132" hits="1"/>
						<line number="133" hits="1"/>
						<line number="135" hits="1"/>
						<line number="136" hits="1"/>
						<line number="138" hits="1"/>
						<line number="140" hits="1"/>
						<line number="150" hits="1"/>
						<line number="151" hits="1"/>
						<line number="169" hits="1"/>
						<line number="171" hits="1"/>
						<line number="173" hits="1"/>
						<line number="174" hits="1"/>
						<line number="176" hits="1"/>
						<line number="177" hits="1"/>
						<line number="180" hits="1"/>
						<line number="181" hits="1"/>
						<line number="182" hits="1"/>
						<line number="183" hits="1"/>
						<line number="186" hits="1"/>
						<line number="188" hits="1"/>
						<line number="189" hits="1"/>
						<line number="190" hits="1"/>
						<line number="191" hits="1"/>
						<line number="192" hits="1"/>
						<line number="193" hits="1"/>
						<line number="194" hits="1"/>
						<line number="205" hits="0"/>
						<line number="206" hits="0"/>
						<line number="207" hits="0"/>
						<line number="208" hits="0"/>
						<line number="209" hits="0"/>
						<line number="210" hits="0"/>
						<line number="221" hits="1"/>
						<line number="223" hits="0"/>
						<line number="227" hits="0"/>
						<line number="228" hits="0"/>
						<line number="231" hits="0"/>
						<line number="235" hits="0"/>
						<line number="236" hits="0"/>
						<line number="237" hits="0"/>
						<line number="238" hits="0"/>
						<line number="241" hits="0"/>
						<line number="243" hits="0"/>
						<line number="244" hits="0"/>
						<line number="245" hits="0"/>
						<line number="246" hits="0"/>
						<line number="247" hits="0"/>
						<line number="248" hits="0"/>
						<line number="249" hits="0"/>
						<line number="260" hits="0"/>
						<line number="261" hits="0"/>
						<line number="262" hits="0"/>
						<line number="263" hits="0"/>
						<line number="264" hits="0"/>
						<line number="265" hits="0"/>
						<line number="279" hits="0"/>
						<line number="283" hits="0"/>
						<line number="285" hits="1"/>
					</lines>
				</class>
				<class name="plots.py" filename="plots.py" complexity="0" line-rate="0" branch-rate="0">
					<methods/>
					<lines>
						<line number="7" hits="0"/>
						<line number="8" hits="0"/>
						<line number="9" hits="0"/>
						<line number="10" hits="0"/>
						<line number="11" hits="0"/>
						<line number="12" hits="0"/>
						<line number="15" hits="0"/>
						<line number="17" hits="0"/>
						<line number="18" hits="0"/>
						<line number="19" hits="0"/>
						<line number="20" hits="0"/>
						<line number="23" hits="0"/>
						<line number="25" hits="0"/>
						<line number="26" hits="0"/>
						<line number="27" hits="0"/>
						<line number="28" hits="0"/>
						<line number="29" hits="0"/>
						<line number="32" hits="0"/>
						<line number="34" hits="0"/>
						<line number="35" hits="0"/>
						<line number="36" hits="0"/>
						<line number="37" hits="0"/>
						<line number="38" hits="0"/>
						<line number="44" hits="0"/>
						<line number="61" hits="0"/>
						<line number="62" hits="0"/>
						<line number="63" hits="0"/>
						<line number="64" hits="0"/>
						<line number="65" hits="0"/>
						<line number="68" hits="0"/>
						<line number="83" hits="0"/>
						<line number="95" hits="0"/>
						<line number="108" hits="0"/>
						<line number="109" hits="0"/>
						<line number="110" hits="0"/>
						<line number="116" hits="0"/>
						<line number="127" hits="0"/>
						<line number="128" hits="0"/>
						<line number="135" hits="0"/>
						<line number="142" hits="0"/>
						<line number="145" hits="0"/>
						<line number="154" hits="0"/>
						<line number="157" hits="0"/>
						<line number="165" hits="0"/>
						<line number="171" hits="0"/>
						<line number="179" hits="0"/>
						<line number="182" hits="0"/>
						<line number="193" hits="0"/>
						<line number="206" hits="0"/>
						<line number="215" hits="0"/>
						<line number="218" hits="0"/>
						<line number="231" hits="0"/>
						<line number="234" hits="0"/>
						<line number="243" hits="0"/>
						<line number="250" hits="0"/>
						<line number="260" hits="0"/>
						<line number="263" hits="0"/>
						<line number="269" hits="0"/>
						<line number="271" hits="0"/>
						<line number="278" hits="0"/>
						<line number="280" hits="0"/>
						<line number="287" hits="0"/>
						<line number="290" hits="0"/>
						<line number="299" hits="0"/>
						<line number="301" hits="0"/>
						<line number="310" hits="0"/>
						<line number="316" hits="0"/>
						<line number="319" hits="0"/>
						<line number="327" hits="0"/>
						<line number="329" hits="0"/>
						<line number="336" hits="0"/>
						<line number="337" hits="0"/>
						<line number="338" hits="0"/>
						<line number="346" hits="0"/>
						<line number="353" hits="0"/>
						<line number="359" hits="0"/>
						<line number="365" hits="0"/>
						<line number="366" hits="0"/>
						<line number="367" hits="0"/>
						<line number="368" hits="0"/>
						<line number="369" hits="0"/>
						<line number="370" hits="0"/>
						<line number="371" hits="0"/>
						<line number="372" hits="0"/>
						<line number="373" hits="0"/>
						<line number="376" hits="0"/>
						<line number="395" hits="0"/>
						<line number="398" hits="0"/>
						<line number="408" hits="0"/>
						<line number="411" hits="0"/>
						<line number="414" hits="0"/>
						<line number="426" hits="0"/>
						<line number="435" hits="0"/>
					</lines>
				</class>
			</classes>
		</package>
	</packages>
</coverage>
